0 info it worked if it ends with ok
1 verbose cli [ '/usr/bin/node', '/usr/bin/npm', 'run', 'dev-client' ]
2 info using npm@3.10.10
3 info using node@v6.12.0
4 verbose run-script [ 'predev-client', 'dev-client', 'postdev-client' ]
5 info lifecycle pizilla@0.0.1~predev-client: pizilla@0.0.1
6 silly lifecycle pizilla@0.0.1~predev-client: no script for predev-client, continuing
7 info lifecycle pizilla@0.0.1~dev-client: pizilla@0.0.1
8 verbose lifecycle pizilla@0.0.1~dev-client: unsafe-perm in lifecycle true
9 verbose lifecycle pizilla@0.0.1~dev-client: PATH: /usr/lib/node_modules/npm/bin/node-gyp-bin:/home/akshaj/Desktop/kwoc/PiZilla/node_modules/.bin:/usr/lib/node_modules/npm/bin/node-gyp-bin:/home/akshaj/Desktop/kwoc/PiZilla/node_modules/.bin:/home/akshaj/bin:/home/akshaj/bin:/home/akshaj/.local/bin:/usr/local/sbin:/usr/local/bin:/usr/sbin:/usr/bin:/sbin:/bin:/usr/games:/usr/local/games:/snap/bin
10 verbose lifecycle pizilla@0.0.1~dev-client: CWD: /home/akshaj/Desktop/kwoc/PiZilla
11 silly lifecycle pizilla@0.0.1~dev-client: Args: [ '-c',
11 silly lifecycle   'webpack-dev-server --open-page --config webpack.config.babel.js' ]
12 silly lifecycle pizilla@0.0.1~dev-client: Returned: code: 1  signal: null
13 info lifecycle pizilla@0.0.1~dev-client: Failed to exec dev-client script
14 verbose stack Error: pizilla@0.0.1 dev-client: `webpack-dev-server --open-page --config webpack.config.babel.js`
14 verbose stack Exit status 1
14 verbose stack     at EventEmitter.<anonymous> (/usr/lib/node_modules/npm/lib/utils/lifecycle.js:255:16)
14 verbose stack     at emitTwo (events.js:106:13)
14 verbose stack     at EventEmitter.emit (events.js:191:7)
14 verbose stack     at ChildProcess.<anonymous> (/usr/lib/node_modules/npm/lib/utils/spawn.js:40:14)
14 verbose stack     at emitTwo (events.js:106:13)
14 verbose stack     at ChildProcess.emit (events.js:191:7)
14 verbose stack     at maybeClose (internal/child_process.js:920:16)
14 verbose stack     at Process.ChildProcess._handle.onexit (internal/child_process.js:230:5)
15 verbose pkgid pizilla@0.0.1
16 verbose cwd /home/akshaj/Desktop/kwoc/PiZilla
17 error Linux 4.4.0-101-generic
18 error argv "/usr/bin/node" "/usr/bin/npm" "run" "dev-client"
19 error node v6.12.0
20 error npm  v3.10.10
21 error code ELIFECYCLE
22 error pizilla@0.0.1 dev-client: `webpack-dev-server --open-page --config webpack.config.babel.js`
22 error Exit status 1
23 error Failed at the pizilla@0.0.1 dev-client script 'webpack-dev-server --open-page --config webpack.config.babel.js'.
23 error Make sure you have the latest version of node.js and npm installed.
23 error If you do, this is most likely a problem with the pizilla package,
23 error not with npm itself.
23 error Tell the author that this fails on your system:
23 error     webpack-dev-server --open-page --config webpack.config.babel.js
23 error You can get information on how to open an issue for this project with:
23 error     npm bugs pizilla
23 error Or if that isn't available, you can get their info via:
23 error     npm owner ls pizilla
23 error There is likely additional logging output above.
24 verbose exit [ 1, true ]
